2024-02-25 08:05:12 - INFO - System boot successful
2024-02-25 08:10:30 - GET /index.html 200 OK
2024-02-25 08:15:45 - INFO - User login attempt: user123
2024-02-25 08:20:17 - POST /api/login 401 Unauthorized
2024-02-25 08:35:50 - INFO - Scheduled backup started
2024-02-25 09:00:00 - ERROR - Database connection timeout
2024-02-25 09:15:05 - API - Data sync started
2024-02-25 09:30:45 - WARNING - High memory usage detected
2024-02-25 10:00:10 - APP - Payment processing started
2024-02-25 10:10:25 - DELETE /user/123 403 Forbidden
2024-02-25 10:45:30 - INFO - System check completed
2024-02-25 11:00:15 - ERROR - File not found: config.yaml
2024-02-25 11:15:40 - DB - Database backup completed
2024-02-25 12:30:00 - WARNING - Unusual network traffic detected
2024-02-25 13:00:05 - GET /dashboard 302 Redirect
2024-02-25 13:15:25 - API - User data fetch completed
2024-02-25 14:00:45 - INFO - Security scan completed
2024-02-25 14:30:55 - POST /api/logout 200 OK
2024-02-25 15:15:00 - INFO - User logout: user456
2024-02-25 16:00:20 - ERROR - Disk space low on drive C:
2024-02-25 17:30:10 - INFO - System shutting down
2024-02-25 18:00:00 - APP - Restarting background services
2024-02-25 19:15:30 - ERROR - Unauthorized API access attempt detected
2024-02-25 20:00:45 - GET /contact 200 OK
2024-02-25 21:30:00 - INFO - System boot successful