[2025-02-26 10:00:01] INFO: Application started successfully.
[2025-02-26 10:00:02] WARNING: Low disk space on drive C:\
[2025-02-26 10:00:03] ERROR: Unable to connect to database. Retrying...
[2025-02-26 10:00:05] INFO: User 'admin' logged in successfully.
[2025-02-26 10:00:07] WARNING: High memory usage detected.
[2025-02-26 10:00:10] ERROR: File not found: /var/log/missing.log
[2025-02-26 10:00:12] INFO: New configuration file loaded.
[2025-02-26 10:00:15] DEBUG: Cache cleared successfully.
[2025-02-26 10:00:17] WARNING: API response time is high.
[2025-02-26 10:00:20] ERROR: Database connection lost. Reconnecting...
[2025-02-26 10:00:22] INFO: User 'guest' attempted login.
[2025-02-26 10:00:25] DEBUG: Background job completed.
[2025-02-26 10:00:27] ERROR: Failed to send email notification.
[2025-02-26 10:00:30] WARNING: Session timeout exceeded for user 'john_doe'.
[2025-02-26 10:00:32] INFO: Scheduled job executed.
[2025-02-26 10:00:35] ERROR: Missing configuration parameter detected.
[2025-02-26 10:00:37] WARNING: Deprecated API function used.
[2025-02-26 10:00:40] INFO: System health check completed.
[2025-02-26 10:00:42] ERROR: Unable to resolve DNS hostname.
[2025-02-26 10:00:45] DEBUG: Debug mode enabled for troubleshooting.
[2025-02-26 10:00:47] WARNING: Disk I/O error detected.
[2025-02-26 10:00:50] ERROR: Invalid input data received.
[2025-02-26 10:00:52] INFO: User 'jane_smith' logged out.
[2025-02-26 10:00:55] DEBUG: Application performance metrics collected.
[2025-02-26 10:00:57] WARNING: Network connection lost.
[2025-02-26 10:01:00] ERROR: Server error occurred. Restarting application...
[2025-02-26 10:01:02] INFO: Application stopped successfully.